2023/10/25 11:03:10 [notice] 1#1: using the "epoll" event method
2023/10/25 11:03:10 [notice] 1#1: nginx/1.25.3
2023/10/25 11:03:10 [notice] 1#1: built by gcc 12.2.0 (Debian 12.2.0-14) 
2023/10/25 11:03:10 [notice] 1#1: OS: Linux 6.2.0-35-generic
2023/10/25 11:03:10 [notice] 1#1: getrlimit(RLIMIT_NOFILE): 1048576:1048576
2023/10/25 11:03:10 [notice] 1#1: start worker processes
2023/10/25 11:03:10 [notice] 1#1: start worker process 28
2023/10/25 11:03:10 [notice] 1#1: start worker process 29
2023/10/25 11:03:10 [notice] 1#1: start worker process 30
2023/10/25 11:03:10 [notice] 1#1: start worker process 31
2023/10/25 11:03:33 [error] 28#28: *1 open() "/usr/share/nginx/html/favicon.ico" failed (2: No such file or directory), client: 172.20.0.1, server: localhost, request: "GET /favicon.ico HTTP/1.1", host: "localhost", referrer: "http://localhost/"
2023/10/25 11:16:42 [notice] 1#1: signal 3 (SIGQUIT) received, shutting down
2023/10/25 11:16:42 [notice] 28#28: gracefully shutting down
2023/10/25 11:16:42 [notice] 30#30: gracefully shutting down
2023/10/25 11:16:42 [notice] 28#28: exiting
2023/10/25 11:16:42 [notice] 31#31: gracefully shutting down
2023/10/25 11:16:42 [notice] 30#30: exiting
2023/10/25 11:16:42 [notice] 31#31: exiting
2023/10/25 11:16:42 [notice] 28#28: exit
2023/10/25 11:16:42 [notice] 30#30: exit
2023/10/25 11:16:42 [notice] 31#31: exit
2023/10/25 11:16:42 [notice] 29#29: gracefully shutting down
2023/10/25 11:16:42 [notice] 29#29: exiting
2023/10/25 11:16:42 [notice] 29#29: exit
2023/10/25 11:16:42 [notice] 1#1: signal 17 (SIGCHLD) received from 31
2023/10/25 11:16:42 [notice] 1#1: worker process 28 exited with code 0
2023/10/25 11:16:42 [notice] 1#1: worker process 31 exited with code 0
2023/10/25 11:16:42 [notice] 1#1: signal 29 (SIGIO) received
2023/10/25 11:16:42 [notice] 1#1: signal 17 (SIGCHLD) received from 29
2023/10/25 11:16:42 [notice] 1#1: worker process 29 exited with code 0
2023/10/25 11:16:42 [notice] 1#1: signal 29 (SIGIO) received
2023/10/25 11:16:42 [notice] 1#1: signal 17 (SIGCHLD) received from 30
2023/10/25 11:16:42 [notice] 1#1: worker process 30 exited with code 0
2023/10/25 11:16:42 [notice] 1#1: exit
2023/10/25 11:17:42 [notice] 1#1: using the "epoll" event method
2023/10/25 11:17:42 [notice] 1#1: nginx/1.25.3
2023/10/25 11:17:42 [notice] 1#1: built by gcc 12.2.0 (Debian 12.2.0-14) 
2023/10/25 11:17:42 [notice] 1#1: OS: Linux 6.2.0-35-generic
2023/10/25 11:17:42 [notice] 1#1: getrlimit(RLIMIT_NOFILE): 1048576:1048576
2023/10/25 11:17:42 [notice] 1#1: start worker processes
2023/10/25 11:17:42 [notice] 1#1: start worker process 29
2023/10/25 11:17:42 [notice] 1#1: start worker process 30
2023/10/25 11:17:42 [notice] 1#1: start worker process 31
2023/10/25 11:17:42 [notice] 1#1: start worker process 32
2023/10/25 12:05:40 [notice] 1#1: signal 3 (SIGQUIT) received, shutting down
2023/10/25 12:05:40 [notice] 29#29: gracefully shutting down
2023/10/25 12:05:40 [notice] 29#29: exiting
2023/10/25 12:05:40 [notice] 30#30: gracefully shutting down
2023/10/25 12:05:40 [notice] 31#31: gracefully shutting down
2023/10/25 12:05:40 [notice] 30#30: exiting
2023/10/25 12:05:40 [notice] 31#31: exiting
2023/10/25 12:05:40 [notice] 29#29: exit
2023/10/25 12:05:40 [notice] 30#30: exit
2023/10/25 12:05:40 [notice] 31#31: exit
2023/10/25 12:05:40 [notice] 32#32: gracefully shutting down
2023/10/25 12:05:40 [notice] 32#32: exiting
2023/10/25 12:05:40 [notice] 32#32: exit
2023/10/25 12:05:40 [notice] 1#1: signal 17 (SIGCHLD) received from 31
2023/10/25 12:05:40 [notice] 1#1: worker process 31 exited with code 0
2023/10/25 12:05:40 [notice] 1#1: signal 29 (SIGIO) received
2023/10/25 12:05:40 [notice] 1#1: signal 17 (SIGCHLD) received from 29
2023/10/25 12:05:40 [notice] 1#1: worker process 29 exited with code 0
2023/10/25 12:05:40 [notice] 1#1: signal 29 (SIGIO) received
2023/10/25 12:05:40 [notice] 1#1: signal 17 (SIGCHLD) received from 30
2023/10/25 12:05:40 [notice] 1#1: worker process 30 exited with code 0
2023/10/25 12:05:40 [notice] 1#1: signal 29 (SIGIO) received
2023/10/25 12:05:40 [notice] 1#1: signal 17 (SIGCHLD) received from 32
2023/10/25 12:05:40 [notice] 1#1: worker process 32 exited with code 0
2023/10/25 12:05:40 [notice] 1#1: exit
2023/10/25 13:26:28 [notice] 1#1: using the "epoll" event method
2023/10/25 13:26:28 [notice] 1#1: nginx/1.25.3
2023/10/25 13:26:28 [notice] 1#1: built by gcc 12.2.0 (Debian 12.2.0-14) 
2023/10/25 13:26:28 [notice] 1#1: OS: Linux 6.2.0-35-generic
2023/10/25 13:26:28 [notice] 1#1: getrlimit(RLIMIT_NOFILE): 1048576:1048576
2023/10/25 13:26:28 [notice] 1#1: start worker processes
2023/10/25 13:26:28 [notice] 1#1: start worker process 29
2023/10/25 13:26:28 [notice] 1#1: start worker process 30
2023/10/25 13:26:28 [notice] 1#1: start worker process 31
2023/10/25 13:26:28 [notice] 1#1: start worker process 32
2023/10/25 13:31:35 [notice] 1#1: signal 3 (SIGQUIT) received, shutting down
2023/10/25 13:31:35 [notice] 30#30: gracefully shutting down
2023/10/25 13:31:35 [notice] 30#30: exiting
2023/10/25 13:31:35 [notice] 30#30: exit
2023/10/25 13:31:35 [notice] 32#32: gracefully shutting down
2023/10/25 13:31:35 [notice] 32#32: exiting
2023/10/25 13:31:35 [notice] 32#32: exit
2023/10/25 13:31:35 [notice] 31#31: gracefully shutting down
2023/10/25 13:31:35 [notice] 31#31: exiting
2023/10/25 13:31:35 [notice] 31#31: exit
2023/10/25 13:31:35 [notice] 29#29: gracefully shutting down
2023/10/25 13:31:35 [notice] 29#29: exiting
2023/10/25 13:31:35 [notice] 29#29: exit
2023/10/25 13:31:35 [notice] 1#1: signal 17 (SIGCHLD) received from 31
2023/10/25 13:31:35 [notice] 1#1: worker process 30 exited with code 0
2023/10/25 13:31:35 [notice] 1#1: worker process 31 exited with code 0
2023/10/25 13:31:35 [notice] 1#1: worker process 32 exited with code 0
2023/10/25 13:31:35 [notice] 1#1: signal 29 (SIGIO) received
2023/10/25 13:31:35 [notice] 1#1: signal 17 (SIGCHLD) received from 30
2023/10/25 13:31:35 [notice] 1#1: signal 17 (SIGCHLD) received from 29
2023/10/25 13:31:35 [notice] 1#1: worker process 29 exited with code 0
2023/10/25 13:31:35 [notice] 1#1: exit
2023/10/25 13:31:43 [notice] 1#1: using the "epoll" event method
2023/10/25 13:31:43 [notice] 1#1: nginx/1.25.3
2023/10/25 13:31:43 [notice] 1#1: built by gcc 12.2.0 (Debian 12.2.0-14) 
2023/10/25 13:31:43 [notice] 1#1: OS: Linux 6.2.0-35-generic
2023/10/25 13:31:43 [notice] 1#1: getrlimit(RLIMIT_NOFILE): 1048576:1048576
2023/10/25 13:31:43 [notice] 1#1: start worker processes
2023/10/25 13:31:43 [notice] 1#1: start worker process 29
2023/10/25 13:31:43 [notice] 1#1: start worker process 30
2023/10/25 13:31:43 [notice] 1#1: start worker process 31
2023/10/25 13:31:43 [notice] 1#1: start worker process 32
2023/10/25 13:36:44 [notice] 1#1: signal 3 (SIGQUIT) received, shutting down
2023/10/25 13:36:44 [notice] 29#29: gracefully shutting down
2023/10/25 13:36:44 [notice] 29#29: exiting
2023/10/25 13:36:44 [notice] 29#29: exit
2023/10/25 13:36:44 [notice] 30#30: gracefully shutting down
2023/10/25 13:36:44 [notice] 30#30: exiting
2023/10/25 13:36:44 [notice] 30#30: exit
2023/10/25 13:36:44 [notice] 31#31: gracefully shutting down
2023/10/25 13:36:44 [notice] 31#31: exiting
2023/10/25 13:36:44 [notice] 31#31: exit
2023/10/25 13:36:44 [notice] 32#32: gracefully shutting down
2023/10/25 13:36:44 [notice] 32#32: exiting
2023/10/25 13:36:44 [notice] 32#32: exit
2023/10/25 13:36:44 [notice] 1#1: signal 17 (SIGCHLD) received from 30
2023/10/25 13:36:44 [notice] 1#1: worker process 29 exited with code 0
2023/10/25 13:36:44 [notice] 1#1: worker process 30 exited with code 0
2023/10/25 13:36:44 [notice] 1#1: worker process 32 exited with code 0
2023/10/25 13:36:44 [notice] 1#1: signal 29 (SIGIO) received
2023/10/25 13:36:44 [notice] 1#1: signal 17 (SIGCHLD) received from 32
2023/10/25 13:36:44 [notice] 1#1: signal 17 (SIGCHLD) received from 31
2023/10/25 13:36:44 [notice] 1#1: worker process 31 exited with code 0
2023/10/25 13:36:44 [notice] 1#1: exit
2023/10/25 13:36:53 [notice] 1#1: using the "epoll" event method
2023/10/25 13:36:53 [notice] 1#1: nginx/1.25.3
2023/10/25 13:36:53 [notice] 1#1: built by gcc 12.2.0 (Debian 12.2.0-14) 
2023/10/25 13:36:53 [notice] 1#1: OS: Linux 6.2.0-35-generic
2023/10/25 13:36:53 [notice] 1#1: getrlimit(RLIMIT_NOFILE): 1048576:1048576
2023/10/25 13:36:53 [notice] 1#1: start worker processes
2023/10/25 13:36:53 [notice] 1#1: start worker process 29
2023/10/25 13:36:53 [notice] 1#1: start worker process 30
2023/10/25 13:36:53 [notice] 1#1: start worker process 31
2023/10/25 13:36:53 [notice] 1#1: start worker process 32
2023/10/25 13:38:27 [notice] 1#1: signal 3 (SIGQUIT) received, shutting down
2023/10/25 13:38:27 [notice] 30#30: gracefully shutting down
2023/10/25 13:38:27 [notice] 30#30: exiting
2023/10/25 13:38:27 [notice] 30#30: exit
2023/10/25 13:38:27 [notice] 29#29: gracefully shutting down
2023/10/25 13:38:27 [notice] 29#29: exiting
2023/10/25 13:38:27 [notice] 29#29: exit
2023/10/25 13:38:27 [notice] 31#31: gracefully shutting down
2023/10/25 13:38:27 [notice] 31#31: exiting
2023/10/25 13:38:27 [notice] 31#31: exit
2023/10/25 13:38:27 [notice] 32#32: gracefully shutting down
2023/10/25 13:38:27 [notice] 32#32: exiting
2023/10/25 13:38:27 [notice] 32#32: exit
2023/10/25 13:38:27 [notice] 1#1: signal 17 (SIGCHLD) received from 31
2023/10/25 13:38:27 [notice] 1#1: worker process 29 exited with code 0
2023/10/25 13:38:27 [notice] 1#1: worker process 31 exited with code 0
2023/10/25 13:38:27 [notice] 1#1: signal 29 (SIGIO) received
2023/10/25 13:38:27 [notice] 1#1: signal 17 (SIGCHLD) received from 32
2023/10/25 13:38:27 [notice] 1#1: worker process 32 exited with code 0
2023/10/25 13:38:27 [notice] 1#1: signal 29 (SIGIO) received
2023/10/25 13:38:27 [notice] 1#1: signal 17 (SIGCHLD) received from 30
2023/10/25 13:38:27 [notice] 1#1: worker process 30 exited with code 0
2023/10/25 13:38:27 [notice] 1#1: exit
2023/10/25 13:38:38 [notice] 1#1: using the "epoll" event method
2023/10/25 13:38:38 [notice] 1#1: nginx/1.25.3
2023/10/25 13:38:38 [notice] 1#1: built by gcc 12.2.0 (Debian 12.2.0-14) 
2023/10/25 13:38:38 [notice] 1#1: OS: Linux 6.2.0-35-generic
2023/10/25 13:38:38 [notice] 1#1: getrlimit(RLIMIT_NOFILE): 1048576:1048576
2023/10/25 13:38:38 [notice] 1#1: start worker processes
2023/10/25 13:38:38 [notice] 1#1: start worker process 29
2023/10/25 13:38:38 [notice] 1#1: start worker process 30
2023/10/25 13:38:38 [notice] 1#1: start worker process 31
2023/10/25 13:38:38 [notice] 1#1: start worker process 32
2023/10/25 13:45:18 [notice] 1#1: signal 3 (SIGQUIT) received, shutting down
2023/10/25 13:45:18 [notice] 29#29: gracefully shutting down
2023/10/25 13:45:18 [notice] 29#29: exiting
2023/10/25 13:45:18 [notice] 32#32: gracefully shutting down
2023/10/25 13:45:18 [notice] 32#32: exiting
2023/10/25 13:45:18 [notice] 29#29: exit
2023/10/25 13:45:18 [notice] 32#32: exit
2023/10/25 13:45:18 [notice] 30#30: gracefully shutting down
2023/10/25 13:45:18 [notice] 30#30: exiting
2023/10/25 13:45:18 [notice] 30#30: exit
2023/10/25 13:45:18 [notice] 31#31: gracefully shutting down
2023/10/25 13:45:18 [notice] 31#31: exiting
2023/10/25 13:45:18 [notice] 31#31: exit
2023/10/25 13:45:18 [notice] 1#1: signal 17 (SIGCHLD) received from 32
2023/10/25 13:45:18 [notice] 1#1: worker process 30 exited with code 0
2023/10/25 13:45:18 [notice] 1#1: worker process 32 exited with code 0
2023/10/25 13:45:18 [notice] 1#1: signal 29 (SIGIO) received
2023/10/25 13:45:18 [notice] 1#1: signal 17 (SIGCHLD) received from 31
2023/10/25 13:45:18 [notice] 1#1: worker process 31 exited with code 0
2023/10/25 13:45:18 [notice] 1#1: signal 29 (SIGIO) received
2023/10/25 13:45:18 [notice] 1#1: signal 17 (SIGCHLD) received from 29
2023/10/25 13:45:18 [notice] 1#1: worker process 29 exited with code 0
2023/10/25 13:45:18 [notice] 1#1: exit
